{
  "stats": {
    "suites": 2,
    "tests": 6,
    "passes": 6,
    "pending": 0,
    "failures": 0,
    "testsRegistered": 6,
    "passPercent": 100,
    "pendingPercent": 0,
    "other": 0,
    "hasOther": false,
    "skipped": 0,
    "hasSkipped": false,
    "start": "2025-05-15T03:20:04.229Z",
    "end": "2025-05-15T03:20:19.450Z",
    "duration": 15221
  },
  "results": [
    {
      "uuid": "d7959ea2-8f87-444d-9f07-98bbc0676cc8",
      "title": "",
      "fullFile": "cypress/integration/secondTest.spec.js",
      "file": "cypress/integration/secondTest.spec.js",
      "beforeHooks": [],
      "afterHooks": [],
      "tests": [],
      "suites": [
        {
          "uuid": "13edab43-5f38-4362-a9e6-df10a8fb78b9",
          "title": "Test log out",
          "fullFile": "",
          "file": "",
          "beforeHooks": [],
          "afterHooks": [],
          "tests": [
            {
              "title": "verify use can log out successfully",
              "fullTitle": "Test log out verify use can log out successfully",
              "timedOut": null,
              "duration": 1584,
              "state": "passed",
              "speed": "fast",
              "pass": true,
              "fail": false,
              "pending": false,
              "context": null,
              "code": "// #46\n// it('verify use can log out successfully', () => {\ncy.contains('Settings').click();\ncy.contains('Or click here to logout').click();\ncy.get('.navbar-nav').should('contain', 'Sign up');\n// cy.get('.navbar-nav').should('contain', 'Sign up2') // #46 for check how many retries",
              "err": {},
              "uuid": "87560429-acba-4d95-8438-5487e3539832",
              "parentUUID": "13edab43-5f38-4362-a9e6-df10a8fb78b9",
              "isHook": false,
              "skipped": false
            }
          ],
          "suites": [],
          "passes": [
            "87560429-acba-4d95-8438-5487e3539832"
          ],
          "failures": [],
          "pending": [],
          "skipped": [],
          "duration": 1584,
          "root": false,
          "rootEmpty": false,
          "_timeout": 2000
        }
      ],
      "passes": [],
      "failures": [],
      "pending": [],
      "skipped": [],
      "duration": 0,
      "root": true,
      "rootEmpty": true,
      "_timeout": 2000
    },
    {
      "uuid": "ab29da87-b236-4846-83d8-ca6742683090",
      "title": "",
      "fullFile": "cypress/integration/firstTest.spec.js",
      "file": "cypress/integration/firstTest.spec.js",
      "beforeHooks": [],
      "afterHooks": [],
      "tests": [],
      "suites": [
        {
          "uuid": "86cd837f-5b01-461e-b498-a6c729a77957",
          "title": "test with backend",
          "fullFile": "",
          "file": "",
          "beforeHooks": [],
          "afterHooks": [],
          "tests": [
            {
              "title": "verify correct request and response",
              "fullTitle": "test with backend verify correct request and response",
              "timedOut": null,
              "duration": 4610,
              "state": "passed",
              "speed": "fast",
              "pass": true,
              "fail": false,
              "pending": false,
              "context": null,
              "code": "//                    //-->put it before an action and verification & save in global variable as alias\n// cy.intercept('POST', 'https://conduit-api.bondaracademy.com/api/articles/').as('postArticles') // #38\ncy.intercept('POST', '**/articles').as('postArticles'); // #40\ncy.contains('New Article').click(); // #38\ncy.get('[formcontrolname=\"title\"]').type('This is a title');\ncy.get('[formcontrolname=\"description\"]').type('This is a description');\ncy.get('[formcontrolname=\"body\"]').type('This is a body of the article');\ncy.contains('Publish Article').click();\ncy.wait('@postArticles').then(xhr => {\n  // #38\n  console.log(xhr);\n  expect(xhr.response.statusCode).to.equal(201);\n  expect(xhr.request.body.article.body).to.equal('This is a body of the article'); // validation\n  expect(xhr.response.body.article.description).to.equal('This is a description'); // validation\n});\ncy.get('.article-actions').contains(' Delete Article ').click(); // delete",
              "err": {},
              "uuid": "7ff2ac20-5f1c-42b8-8677-e20de25fadb2",
              "parentUUID": "86cd837f-5b01-461e-b498-a6c729a77957",
              "isHook": false,
              "skipped": false
            },
            {
              "title": "verify popular tags are displayed with routing object",
              "fullTitle": "test with backend verify popular tags are displayed with routing object",
              "timedOut": null,
              "duration": 657,
              "state": "passed",
              "speed": "fast",
              "pass": true,
              "fail": false,
              "pending": false,
              "context": null,
              "code": "// #39\n// cy.log('we are log in')\ncy.get('.tag-list').should('contain', 'cypress').and('contain', 'automation').and('contain', 'testing'); //--> validate tags",
              "err": {},
              "uuid": "a60eb2cc-a3c9-46fb-bd3e-bfc0da3fcf2a",
              "parentUUID": "86cd837f-5b01-461e-b498-a6c729a77957",
              "isHook": false,
              "skipped": false
            },
            {
              "title": "verify global feed likes counts",
              "fullTitle": "test with backend verify global feed likes counts",
              "timedOut": null,
              "duration": 977,
              "state": "passed",
              "speed": "fast",
              "pass": true,
              "fail": false,
              "pending": false,
              "context": null,
              "code": "//lecture #39.1\ncy.intercept('GET', 'https://conduit-api.bondaracademy.com/api/articles/feed*', {\n  'articles': [],\n  'articlesCount': 0\n}); //#39.1\ncy.intercept('GET', 'https://conduit-api.bondaracademy.com/api/articles*', {\n  fixture: 'articles.json'\n}); //#39.1\n// cy.intercept('GET', '**/articles/feed*', { 'articles': [], 'articlesCount': 0 })      //#40.1\n// cy.intercept('GET', '**/articles*', { fixture: 'articles.json' })                     //#40.1\ncy.contains('Global Feed').click();\ncy.get('app-article-list button').then(heartList => {\n  expect(heartList[0]).to.contain('1');\n  expect(heartList[1]).to.contain('5'); //#39.1\n});\ncy.fixture('articles').then(file => {\n  //#39.1\n  const articleLink = file.articles[1].slug;\n  file.articles[1].favoritesCount = 6; //--> change from 5 to 6\n  // cy.intercept('POST', 'https://conduit-api.bondaracademy.com/api/articles/' + articleLink + '/favorite', file)//#39.1\n  cy.intercept('POST', '**/articles/' + articleLink + '/favorite', file); //#39.2\n});\ncy.get('app-article-list button').eq(1).click().should('contain', '6'); // validation",
              "err": {},
              "uuid": "df5d3420-87a1-4e5d-94a3-c6a80773f33e",
              "parentUUID": "86cd837f-5b01-461e-b498-a6c729a77957",
              "isHook": false,
              "skipped": false
            },
            {
              "title": "intercepting & modifying the request & response",
              "fullTitle": "test with backend intercepting & modifying the request & response",
              "timedOut": null,
              "duration": 2732,
              "state": "passed",
              "speed": "fast",
              "pass": true,
              "fail": false,
              "pending": false,
              "context": null,
              "code": "//                     //-->copy from test above w/renaming & changes   // #40.1\n//-->put it before an action and verification & save in global variable as alias\n// cy.intercept('POST', '**/articles', (req) => {\n//   req.body.article.description = 'This is a description 2'\n// }).as('postArticles')                                                  // #40.2\ncy.intercept('POST', '**/articles', req => {\n  req.reply(res => {\n    expect(res.body.article.description).to.equal('This is a description'); // validation\n    res.body.article.description = 'This is a description 2'; // --> reply & modify request\n  });\n}).as('postArticles'); // #40.3\ncy.contains('New Article').click();\ncy.get('[formcontrolname=\"title\"]').type('This is a title');\ncy.get('[formcontrolname=\"description\"]').type('This is a description');\ncy.get('[formcontrolname=\"body\"]').type('This is a body of the article');\ncy.contains('Publish Article').click();\ncy.wait('@postArticles');\ncy.get('@postArticles').then(xhr => {\n  // console.log(xhr)\n  expect(xhr.response.statusCode).to.equal(201);\n  expect(xhr.request.body.article.body).to.equal('This is a body of the article'); // validation\n  expect(xhr.response.body.article.description).to.equal('This is a description 2'); // validation\n});\ncy.get('.article-actions').contains(' Delete Article ').click(); // to delete 1st article (I added for #40.2 & #40.3)",
              "err": {},
              "uuid": "c03627c0-bbf1-4609-af3e-ac17b8b9b5f4",
              "parentUUID": "86cd837f-5b01-461e-b498-a6c729a77957",
              "isHook": false,
              "skipped": false
            },
            {
              "title": "delete a new article in a global feed",
              "fullTitle": "test with backend delete a new article in a global feed",
              "timedOut": null,
              "duration": 2807,
              "state": "passed",
              "speed": "fast",
              "pass": true,
              "fail": false,
              "pending": false,
              "context": null,
              "code": "// #41\n// const userCredentials = {                                //we do no need it in #42\n//   \"user\": {\n//     \"email\": \"pwtest60@test.com\",\n//     \"password\": \"vd12345\"\n//   }\n// }\nconst bodyRequest = {\n  \"article\": {\n    \"title\": \"Request from API\",\n    \"description\": \"API testing is easy\",\n    \"body\": \"Angular is cool\",\n    \"tagList\": []\n  }\n};\n//                                                      // 1st request #41.1\n// cy.request('POST', 'https://conduit-api.bondaracademy.com/api/users/login', userCredentials)\n//   .its('body').then(body => {\ncy.get('@token').then(token => {\n  // 1st request change in #42\n  // const token = body.user.token                      //we do no need it in #42\n  cy.request({\n    // 2nd request #41.1 & #42\n    url: Cypress.env('apiUrl') + '/api/articles/',\n    // #45.2\n    // url: 'https://conduit-api.bondaracademy.com/api/articles/',\n    headers: {\n      'Authorization': 'Token ' + token\n    },\n    method: 'POST',\n    body: bodyRequest\n  }).then(response => {\n    expect(response.status).to.equal(201);\n  });\n  cy.get('img').click('topRight', {\n    force: true\n  }); // change at #47\n  // cy.contains('Global Feed').dblclick() // delete article through UI // #41.2\n  cy.get('.article-preview').contains('.preview-link', 'Request from API').click();\n  cy.get('.article-actions').contains('[class=\"btn btn-sm btn-outline-danger\"]', ' Delete Article ').click(); //using 2nd option to delete 2nd article \n  cy.request({\n    // #41.3\n    url: Cypress.env('apiUrl') + '/api/articles?limit=10&offset=0',\n    // #45.2\n    // url: 'https://conduit-api.bondaracademy.com/api/articles?limit=10&offset=0',\n    headers: {\n      'Authorization': 'Token ' + token\n    },\n    method: 'GET'\n  }).its('body').then(body => {\n    // console.log(body)\n    expect(body.articles[0].title).not.to.equal('Request from API');\n  });\n});",
              "err": {},
              "uuid": "074c08f2-876c-4dba-86ab-75cedc8fded9",
              "parentUUID": "86cd837f-5b01-461e-b498-a6c729a77957",
              "isHook": false,
              "skipped": false
            }
          ],
          "suites": [],
          "passes": [
            "7ff2ac20-5f1c-42b8-8677-e20de25fadb2",
            "a60eb2cc-a3c9-46fb-bd3e-bfc0da3fcf2a",
            "df5d3420-87a1-4e5d-94a3-c6a80773f33e",
            "c03627c0-bbf1-4609-af3e-ac17b8b9b5f4",
            "074c08f2-876c-4dba-86ab-75cedc8fded9"
          ],
          "failures": [],
          "pending": [],
          "skipped": [],
          "duration": 11783,
          "root": false,
          "rootEmpty": false,
          "_timeout": 2000
        }
      ],
      "passes": [],
      "failures": [],
      "pending": [],
      "skipped": [],
      "duration": 0,
      "root": true,
      "rootEmpty": true,
      "_timeout": 2000
    }
  ],
  "meta": {
    "mocha": {
      "version": "7.2.0"
    },
    "mochawesome": {
      "options": {
        "quiet": false,
        "reportFilename": "mochawesome",
        "saveHtml": false,
        "saveJson": true,
        "consoleReporter": "spec",
        "useInlineDiffs": false,
        "code": true
      },
      "version": "7.1.3"
    },
    "marge": {
      "options": {
        "id": "default",
        "reportDir": "cypress/results/mochawesome",
        "overwrite": false,
        "html": false,
        "json": true
      },
      "version": "6.2.0"
    }
  }
}