{
  "stats": {
    "suites": 2,
    "tests": 5,
    "passes": 5,
    "pending": 0,
    "failures": 0,
    "testsRegistered": 5,
    "passPercent": 100,
    "pendingPercent": 0,
    "other": 0,
    "hasOther": false,
    "skipped": 0,
    "hasSkipped": false,
    "start": "2024-05-16T07:02:32.518Z",
    "end": "2024-05-16T07:02:42.388Z",
    "duration": 9870
  },
  "results": [
    {
      "uuid": "301dc89c-1b81-4f97-88e1-38b0695086f2",
      "title": "",
      "fullFile": "cypress/integration/secondTest.spec.js",
      "file": "cypress/integration/secondTest.spec.js",
      "beforeHooks": [],
      "afterHooks": [],
      "tests": [],
      "suites": [
        {
          "uuid": "044ca1d0-2741-495b-b9c3-4bc5f0379b88",
          "title": "Test log out",
          "fullFile": "",
          "file": "",
          "beforeHooks": [],
          "afterHooks": [],
          "tests": [
            {
              "title": "verify use can log out successfully",
              "fullTitle": "Test log out verify use can log out successfully",
              "timedOut": null,
              "duration": 1185,
              "state": "passed",
              "speed": "fast",
              "pass": true,
              "fail": false,
              "pending": false,
              "context": null,
              "code": "cy.contains('Settings').click();\ncy.contains('Or click here to logout').click();\ncy.get('.navbar-nav').should('contain', 'Sign up');",
              "err": {},
              "uuid": "783e616e-ab03-4dab-8ff1-79c15f248393",
              "parentUUID": "044ca1d0-2741-495b-b9c3-4bc5f0379b88",
              "isHook": false,
              "skipped": false
            }
          ],
          "suites": [],
          "passes": ["783e616e-ab03-4dab-8ff1-79c15f248393"],
          "failures": [],
          "pending": [],
          "skipped": [],
          "duration": 1185,
          "root": false,
          "rootEmpty": false,
          "_timeout": 2000
        }
      ],
      "passes": [],
      "failures": [],
      "pending": [],
      "skipped": [],
      "duration": 0,
      "root": true,
      "rootEmpty": true,
      "_timeout": 2000
    },
    {
      "uuid": "45d5a23e-6344-4145-bea3-029d12611d42",
      "title": "",
      "fullFile": "cypress/integration/firstTest.spec.js",
      "file": "cypress/integration/firstTest.spec.js",
      "beforeHooks": [],
      "afterHooks": [],
      "tests": [],
      "suites": [
        {
          "uuid": "e73a9941-da7c-4ae1-a932-d27c7839f7d1",
          "title": "test with backend",
          "fullFile": "",
          "file": "",
          "beforeHooks": [],
          "afterHooks": [],
          "tests": [
            {
              "title": "intercepting & modifying the request & response",
              "fullTitle": "test with backend intercepting & modifying the request & response",
              "timedOut": null,
              "duration": 3452,
              "state": "passed",
              "speed": "fast",
              "pass": true,
              "fail": false,
              "pending": false,
              "context": null,
              "code": "//-->copy from test above w/renaming & changes //lecture #40.2\n//                    //-->put it before an action and verification & save in global variable as alias\n// cy.intercept('POST', '**/articles', (req) => {\n//   req.body.article.description = 'This is a description 2'\n// }).as('postArticles')                                                                 //lecture #40.2\ncy.intercept('POST', '**/articles', req => {\n  req.reply(res => {\n    expect(res.body.article.description).to.equal('This is a description'); // validation\n    res.body.article.description = 'This is a description 2';\n  });\n}).as('postArticles'); //lecture #40.3\ncy.contains('New Article').click();\ncy.get('[formcontrolname=\"title\"]').type('This is a title');\ncy.get('[formcontrolname=\"description\"]').type('This is a description');\ncy.get('[formcontrolname=\"body\"]').type('This is a body of the article');\ncy.contains('Publish Article').click();\ncy.wait('@postArticles');\ncy.get('@postArticles').then(xhr => {\n  console.log(xhr);\n  expect(xhr.response.statusCode).to.equal(201);\n  expect(xhr.request.body.article.body).to.equal('This is a body of the article'); // validation\n  expect(xhr.response.body.article.description).to.equal('This is a description 2'); // validation\n});\ncy.get('.article-actions').contains('Delete Article').click(); // to delete 1st article (I added in #42)",
              "err": {},
              "uuid": "c593e95f-9653-4a1e-a5b0-925ef358e075",
              "parentUUID": "e73a9941-da7c-4ae1-a932-d27c7839f7d1",
              "isHook": false,
              "skipped": false
            },
            {
              "title": "verify popular tags are displayed with routing object",
              "fullTitle": "test with backend verify popular tags are displayed with routing object",
              "timedOut": null,
              "duration": 569,
              "state": "passed",
              "speed": "fast",
              "pass": true,
              "fail": false,
              "pending": false,
              "context": null,
              "code": "// cy.log('we are log in')\ncy.get('.tag-list').should('contain', 'cypress').and('contain', 'automation').and('contain', 'testing'); //--> validate tags",
              "err": {},
              "uuid": "321ad90e-7078-4286-bb46-1ac393e99a72",
              "parentUUID": "e73a9941-da7c-4ae1-a932-d27c7839f7d1",
              "isHook": false,
              "skipped": false
            },
            {
              "title": "verify global feed likes counts",
              "fullTitle": "test with backend verify global feed likes counts",
              "timedOut": null,
              "duration": 768,
              "state": "passed",
              "speed": "fast",
              "pass": true,
              "fail": false,
              "pending": false,
              "context": null,
              "code": "cy.intercept('GET', '**/articles/feed*', {\n  'articles': [],\n  'articlesCount': 0\n}); //#40\ncy.intercept('GET', '**/articles*', {\n  fixture: 'articles.json'\n}); //#40\n// cy.intercept('GET', 'https://conduit-api.bondaracademy.com/api/articles/feed*', { 'articles': [], 'articlesCount': 0 }) //#39.1\n// cy.intercept('GET', 'https://conduit-api.bondaracademy.com/api/articles*', { fixture: 'articles.json' }) // #39.1\ncy.contains('Global Feed').click();\ncy.get('app-article-list button').then(heartList => {\n  expect(heartList[0]).to.contain('1');\n  expect(heartList[1]).to.contain('5');\n});\ncy.fixture('articles').then(file => {\n  const articleLink = file.articles[1].slug;\n  file.articles[1].favoritesCount = 6; //--> change from 5 to 6\n  cy.intercept('POST', '**/articles/' + articleLink + '/favorite', file); // #40\n  // cy.intercept('POST', 'https://conduit-api.bondaracademy.com/api/articles/' + articleLink + '/favorite', file) // #39.1\n});\ncy.get('app-article-list button').eq(1).click().should('contain', '6'); // validation",
              "err": {},
              "uuid": "470db905-77c8-4d3a-ae36-42906be4a653",
              "parentUUID": "e73a9941-da7c-4ae1-a932-d27c7839f7d1",
              "isHook": false,
              "skipped": false
            },
            {
              "title": "delete a new article in a global feed",
              "fullTitle": "test with backend delete a new article in a global feed",
              "timedOut": null,
              "duration": 1852,
              "state": "passed",
              "speed": "fast",
              "pass": true,
              "fail": false,
              "pending": false,
              "context": null,
              "code": "// #42\nconst bodyRequest = {\n  \"article\": {\n    \"title\": \"Request from API\",\n    \"description\": \"API testing is easy\",\n    \"body\": \"Angular is cool\",\n    \"tagList\": []\n  }\n};\n//                                                                                      // 1st request #41.1\ncy.get('@token').then(token => {\n  cy.request({\n    // 2nd request #41.1\n    url: Cypress.env('apiUrl') + '/api/articles/',\n    headers: {\n      'Authorization': 'Token ' + token\n    },\n    method: 'POST',\n    body: bodyRequest\n  }).then(response => {\n    expect(response.status).to.equal(201);\n  });\n  cy.wait(500);\n  cy.contains('Global Feed').click(); // #41.2\n  cy.get('.article-preview').first().contains('.preview-link', 'Request from API').click();\n  cy.get('.article-actions').contains('Delete Article').click(); //use 2nd option to delete 2nd article\n  cy.request({\n    // #41.2\n    url: Cypress.env('apiUrl') + '/api/articles?limit=10&offset=0',\n    headers: {\n      'Authorization': 'Token ' + token\n    },\n    method: 'GET'\n  }).its('body').then(body => {\n    // console.log(body)\n    expect(body.articles[0].title).not.to.equal('Request from API');\n  });\n});",
              "err": {},
              "uuid": "d5c80e49-0598-4a95-9e33-29ae9ae8e2a7",
              "parentUUID": "e73a9941-da7c-4ae1-a932-d27c7839f7d1",
              "isHook": false,
              "skipped": false
            }
          ],
          "suites": [],
          "passes": [
            "c593e95f-9653-4a1e-a5b0-925ef358e075",
            "321ad90e-7078-4286-bb46-1ac393e99a72",
            "470db905-77c8-4d3a-ae36-42906be4a653",
            "d5c80e49-0598-4a95-9e33-29ae9ae8e2a7"
          ],
          "failures": [],
          "pending": [],
          "skipped": [],
          "duration": 6641,
          "root": false,
          "rootEmpty": false,
          "_timeout": 2000
        }
      ],
      "passes": [],
      "failures": [],
      "pending": [],
      "skipped": [],
      "duration": 0,
      "root": true,
      "rootEmpty": true,
      "_timeout": 2000
    }
  ],
  "meta": {
    "mocha": {
      "version": "7.0.1"
    },
    "mochawesome": {
      "options": {
        "quiet": false,
        "reportFilename": "mochawesome",
        "saveHtml": false,
        "saveJson": true,
        "consoleReporter": "spec",
        "useInlineDiffs": false,
        "code": true
      },
      "version": "7.1.3"
    },
    "marge": {
      "options": {
        "id": "default",
        "reportDir": "cypress/results/mochawesome",
        "overwrite": false,
        "html": false,
        "json": true
      },
      "version": "6.2.0"
    }
  }
}
