{
  "stats": {
    "suites": 2,
    "tests": 5,
    "passes": 5,
    "pending": 0,
    "failures": 0,
    "testsRegistered": 5,
    "passPercent": 100,
    "pendingPercent": 0,
    "other": 0,
    "hasOther": false,
    "skipped": 0,
    "hasSkipped": false,
    "start": "2024-05-23T02:41:54.176Z",
    "end": "2024-05-23T02:42:05.951Z",
    "duration": 11775
  },
  "results": [
    {
      "uuid": "f76823bc-720d-49ab-81d0-1f3c11d6416d",
      "title": "",
      "fullFile": "cypress/integration/secondTest.spec.js",
      "file": "cypress/integration/secondTest.spec.js",
      "beforeHooks": [],
      "afterHooks": [],
      "tests": [],
      "suites": [
        {
          "uuid": "78fdaaa9-705f-4ad1-89b3-269433874764",
          "title": "Test log out",
          "fullFile": "",
          "file": "",
          "beforeHooks": [],
          "afterHooks": [],
          "tests": [
            {
              "title": "verify use can log out successfully",
              "fullTitle": "Test log out verify use can log out successfully",
              "timedOut": null,
              "duration": 1559,
              "state": "passed",
              "speed": "fast",
              "pass": true,
              "fail": false,
              "pending": false,
              "context": null,
              "code": "cy.contains('Settings').click();\ncy.contains('Or click here to logout').click();\ncy.get('.navbar-nav').should('contain', 'Sign up');",
              "err": {},
              "uuid": "134a492a-d9a4-469b-9f4f-a2b15dea57af",
              "parentUUID": "78fdaaa9-705f-4ad1-89b3-269433874764",
              "isHook": false,
              "skipped": false
            }
          ],
          "suites": [],
          "passes": ["134a492a-d9a4-469b-9f4f-a2b15dea57af"],
          "failures": [],
          "pending": [],
          "skipped": [],
          "duration": 1559,
          "root": false,
          "rootEmpty": false,
          "_timeout": 2000
        }
      ],
      "passes": [],
      "failures": [],
      "pending": [],
      "skipped": [],
      "duration": 0,
      "root": true,
      "rootEmpty": true,
      "_timeout": 2000
    },
    {
      "uuid": "81c686e9-dfd5-41cc-8004-8302a54e34ac",
      "title": "",
      "fullFile": "cypress/integration/firstTest.spec.js",
      "file": "cypress/integration/firstTest.spec.js",
      "beforeHooks": [],
      "afterHooks": [],
      "tests": [],
      "suites": [
        {
          "uuid": "38904e7e-14aa-43bd-b48d-b2ace61b557d",
          "title": "test with backend",
          "fullFile": "",
          "file": "",
          "beforeHooks": [],
          "afterHooks": [],
          "tests": [
            {
              "title": "intercepting & modifying the request & response",
              "fullTitle": "test with backend intercepting & modifying the request & response",
              "timedOut": null,
              "duration": 4581,
              "state": "passed",
              "speed": "fast",
              "pass": true,
              "fail": false,
              "pending": false,
              "context": null,
              "code": "//-->copy from test above w/renaming & changes //lecture #40.2\n//                    //-->put it before an action and verification & save in global variable as alias\n// cy.intercept('POST', '**/articles', (req) => {\n//   req.body.article.description = 'This is a description 2'\n// }).as('postArticles')                                                                 //lecture #40.2\ncy.intercept('POST', '**/articles', req => {\n  req.reply(res => {\n    expect(res.body.article.description).to.equal('This is a description'); // validation\n    res.body.article.description = 'This is a description 2';\n  });\n}).as('postArticles'); //lecture #40.3\ncy.contains('New Article').click();\ncy.get('[formcontrolname=\"title\"]').type('This is a title');\ncy.get('[formcontrolname=\"description\"]').type('This is a description');\ncy.get('[formcontrolname=\"body\"]').type('This is a body of the article');\ncy.contains('Publish Article').click();\ncy.wait('@postArticles');\ncy.get('@postArticles').then(xhr => {\n  console.log(xhr);\n  expect(xhr.response.statusCode).to.equal(201);\n  expect(xhr.request.body.article.body).to.equal('This is a body of the article'); // validation\n  expect(xhr.response.body.article.description).to.equal('This is a description 2'); // validation\n});\ncy.get('.article-actions').contains('Delete Article').click(); // to delete 1st article (I added in #42)",
              "err": {},
              "uuid": "2f431484-6f44-42c9-9e32-77f991232dd0",
              "parentUUID": "38904e7e-14aa-43bd-b48d-b2ace61b557d",
              "isHook": false,
              "skipped": false
            },
            {
              "title": "verify popular tags are displayed with routing object",
              "fullTitle": "test with backend verify popular tags are displayed with routing object",
              "timedOut": null,
              "duration": 661,
              "state": "passed",
              "speed": "fast",
              "pass": true,
              "fail": false,
              "pending": false,
              "context": null,
              "code": "// cy.log('we are log in')\ncy.get('.tag-list').should('contain', 'cypress').and('contain', 'automation').and('contain', 'testing'); //--> validate tags",
              "err": {},
              "uuid": "a8e55b67-b75b-4f15-8985-d81de3ab0ada",
              "parentUUID": "38904e7e-14aa-43bd-b48d-b2ace61b557d",
              "isHook": false,
              "skipped": false
            },
            {
              "title": "verify global feed likes counts",
              "fullTitle": "test with backend verify global feed likes counts",
              "timedOut": null,
              "duration": 985,
              "state": "passed",
              "speed": "fast",
              "pass": true,
              "fail": false,
              "pending": false,
              "context": null,
              "code": "cy.intercept('GET', '**/articles/feed*', {\n  'articles': [],\n  'articlesCount': 0\n}); //#40\ncy.intercept('GET', '**/articles*', {\n  fixture: 'articles.json'\n}); //#40\n// cy.intercept('GET', 'https://conduit-api.bondaracademy.com/api/articles/feed*', { 'articles': [], 'articlesCount': 0 }) //#39.1\n// cy.intercept('GET', 'https://conduit-api.bondaracademy.com/api/articles*', { fixture: 'articles.json' }) // #39.1\ncy.contains('Global Feed').click();\ncy.get('app-article-list button').then(heartList => {\n  expect(heartList[0]).to.contain('1');\n  expect(heartList[1]).to.contain('5');\n});\ncy.fixture('articles').then(file => {\n  const articleLink = file.articles[1].slug;\n  file.articles[1].favoritesCount = 6; //--> change from 5 to 6\n  cy.intercept('POST', '**/articles/' + articleLink + '/favorite', file); // #40\n  // cy.intercept('POST', 'https://conduit-api.bondaracademy.com/api/articles/' + articleLink + '/favorite', file) // #39.1\n});\ncy.get('app-article-list button').eq(1).click().should('contain', '6'); // validation",
              "err": {},
              "uuid": "aa8004c2-ce7a-43f5-8ae7-00035f76cf62",
              "parentUUID": "38904e7e-14aa-43bd-b48d-b2ace61b557d",
              "isHook": false,
              "skipped": false
            },
            {
              "title": "delete a new article in a global feed",
              "fullTitle": "test with backend delete a new article in a global feed",
              "timedOut": null,
              "duration": 2077,
              "state": "passed",
              "speed": "fast",
              "pass": true,
              "fail": false,
              "pending": false,
              "context": null,
              "code": "// #42\nconst bodyRequest = {\n  \"article\": {\n    \"title\": \"Request from API\",\n    \"description\": \"API testing is easy\",\n    \"body\": \"Angular is cool\",\n    \"tagList\": []\n  }\n};\n//                                                                                      // 1st request #41.1\ncy.get('@token').then(token => {\n  cy.request({\n    // 2nd request #41.1\n    url: Cypress.env('apiUrl') + '/api/articles/',\n    headers: {\n      'Authorization': 'Token ' + token\n    },\n    method: 'POST',\n    body: bodyRequest\n  }).then(response => {\n    expect(response.status).to.equal(201);\n  });\n  cy.wait(500);\n  cy.contains('Global Feed').click(); // #41.2\n  cy.get('.article-preview').first().contains('.preview-link', 'Request from API').click();\n  cy.get('.article-actions').contains('Delete Article').click(); //use 2nd option to delete 2nd article\n  cy.request({\n    // #41.2\n    url: Cypress.env('apiUrl') + '/api/articles?limit=10&offset=0',\n    headers: {\n      'Authorization': 'Token ' + token\n    },\n    method: 'GET'\n  }).its('body').then(body => {\n    // console.log(body)\n    expect(body.articles[0].title).not.to.equal('Request from API');\n  });\n});",
              "err": {},
              "uuid": "a9591db1-afa7-4b95-bc32-7890138bc198",
              "parentUUID": "38904e7e-14aa-43bd-b48d-b2ace61b557d",
              "isHook": false,
              "skipped": false
            }
          ],
          "suites": [],
          "passes": [
            "2f431484-6f44-42c9-9e32-77f991232dd0",
            "a8e55b67-b75b-4f15-8985-d81de3ab0ada",
            "aa8004c2-ce7a-43f5-8ae7-00035f76cf62",
            "a9591db1-afa7-4b95-bc32-7890138bc198"
          ],
          "failures": [],
          "pending": [],
          "skipped": [],
          "duration": 8304,
          "root": false,
          "rootEmpty": false,
          "_timeout": 2000
        }
      ],
      "passes": [],
      "failures": [],
      "pending": [],
      "skipped": [],
      "duration": 0,
      "root": true,
      "rootEmpty": true,
      "_timeout": 2000
    }
  ],
  "meta": {
    "mocha": {
      "version": "7.0.1"
    },
    "mochawesome": {
      "options": {
        "quiet": false,
        "reportFilename": "mochawesome",
        "saveHtml": false,
        "saveJson": true,
        "consoleReporter": "spec",
        "useInlineDiffs": false,
        "code": true
      },
      "version": "7.1.3"
    },
    "marge": {
      "options": {
        "id": "default",
        "reportDir": "cypress/results/mochawesome",
        "overwrite": false,
        "html": false,
        "json": true
      },
      "version": "6.2.0"
    }
  }
}
