{
  "stats": {
    "suites": 2,
    "tests": 6,
    "passes": 6,
    "pending": 0,
    "failures": 0,
    "testsRegistered": 6,
    "passPercent": 100,
    "pendingPercent": 0,
    "other": 0,
    "hasOther": false,
    "skipped": 0,
    "hasSkipped": false,
    "start": "2025-03-13T06:55:46.791Z",
    "end": "2025-03-13T06:56:05.492Z",
    "duration": 18701
  },
  "results": [
    {
      "uuid": "1a9884d0-c591-41ad-9da8-7e23592946bc",
      "title": "",
      "fullFile": "cypress/integration/secondTest.spec.js",
      "file": "cypress/integration/secondTest.spec.js",
      "beforeHooks": [],
      "afterHooks": [],
      "tests": [],
      "suites": [
        {
          "uuid": "e898c93c-338b-4af2-a32a-a7071649f4f9",
          "title": "Test log out",
          "fullFile": "",
          "file": "",
          "beforeHooks": [],
          "afterHooks": [],
          "tests": [
            {
              "title": "verify use can log out successfully",
              "fullTitle": "Test log out verify use can log out successfully",
              "timedOut": null,
              "duration": 1658,
              "state": "passed",
              "speed": "fast",
              "pass": true,
              "fail": false,
              "pending": false,
              "context": null,
              "code": "cy.contains('Settings').click();\ncy.contains('Or click here to logout').click();\ncy.get('.navbar-nav').should('contain', 'Sign up');",
              "err": {},
              "uuid": "4c01c71d-f56a-48c1-8dab-061c83ea5c29",
              "parentUUID": "e898c93c-338b-4af2-a32a-a7071649f4f9",
              "isHook": false,
              "skipped": false
            }
          ],
          "suites": [],
          "passes": ["4c01c71d-f56a-48c1-8dab-061c83ea5c29"],
          "failures": [],
          "pending": [],
          "skipped": [],
          "duration": 1658,
          "root": false,
          "rootEmpty": false,
          "_timeout": 2000
        }
      ],
      "passes": [],
      "failures": [],
      "pending": [],
      "skipped": [],
      "duration": 0,
      "root": true,
      "rootEmpty": true,
      "_timeout": 2000
    },
    {
      "uuid": "9c851569-8efe-43fd-ad82-5cea36b52188",
      "title": "",
      "fullFile": "cypress/integration/firstTest.spec.js",
      "file": "cypress/integration/firstTest.spec.js",
      "beforeHooks": [],
      "afterHooks": [],
      "tests": [],
      "suites": [
        {
          "uuid": "fb72513c-59b1-4eba-af21-1e82e6c63fc3",
          "title": "test with backend",
          "fullFile": "",
          "file": "",
          "beforeHooks": [],
          "afterHooks": [],
          "tests": [
            {
              "title": "verify correct request and response",
              "fullTitle": "test with backend verify correct request and response",
              "timedOut": null,
              "duration": 4903,
              "state": "passed",
              "speed": "fast",
              "pass": true,
              "fail": false,
              "pending": false,
              "context": null,
              "code": "//                    //-->put it before an action and verification & save in global variable as alias\n// cy.intercept('POST', 'https://conduit-api.bondaracademy.com/api/articles/').as('postArticles')//lecture #38\ncy.intercept('POST', '**/articles').as('postArticles'); //lecture #40\ncy.contains('New Article').click(); //lecture #38\ncy.get('[formcontrolname=\"title\"]').type('This is a title');\ncy.get('[formcontrolname=\"description\"]').type('This is a description');\ncy.get('[formcontrolname=\"body\"]').type('This is a body of the article');\ncy.contains('Publish Article').click();\ncy.wait('@postArticles').then(xhr => {\n  //lecture #38\n  console.log(xhr);\n  expect(xhr.response.statusCode).to.equal(201);\n  expect(xhr.request.body.article.body).to.equal('This is a body of the article'); // validation\n  expect(xhr.response.body.article.description).to.equal('This is a description'); // validation\n});\ncy.get('.article-actions').contains('Delete Article').click();",
              "err": {},
              "uuid": "59e0cf08-6bf0-43b8-a3c3-da7ba0202fcb",
              "parentUUID": "fb72513c-59b1-4eba-af21-1e82e6c63fc3",
              "isHook": false,
              "skipped": false
            },
            {
              "title": "verify popular tags are displayed with routing object",
              "fullTitle": "test with backend verify popular tags are displayed with routing object",
              "timedOut": null,
              "duration": 1326,
              "state": "passed",
              "speed": "fast",
              "pass": true,
              "fail": false,
              "pending": false,
              "context": null,
              "code": "//lecture #39\n// cy.log('we are log in')\ncy.get('.tag-list').should('contain', 'cypress').and('contain', 'automation').and('contain', 'testing'); //--> validate tags",
              "err": {},
              "uuid": "b3464161-f85a-4fab-94cb-0cfaf5684588",
              "parentUUID": "fb72513c-59b1-4eba-af21-1e82e6c63fc3",
              "isHook": false,
              "skipped": false
            },
            {
              "title": "verify global feed likes counts",
              "fullTitle": "test with backend verify global feed likes counts",
              "timedOut": null,
              "duration": 1404,
              "state": "passed",
              "speed": "fast",
              "pass": true,
              "fail": false,
              "pending": false,
              "context": null,
              "code": "//lecture #39.1\n// cy.intercept('GET', 'https://conduit-api.bondaracademy.com/api/articles/feed*', { 'articles': [], 'articlesCount': 0 })//#39.1\n// cy.intercept('GET', 'https://conduit-api.bondaracademy.com/api/articles*', { fixture: 'articles.json' })//#39.1\ncy.intercept('GET', '**/articles/feed*', {\n  'articles': [],\n  'articlesCount': 0\n}); //#40.1\ncy.intercept('GET', '**/articles*', {\n  fixture: 'articles.json'\n}); //#40.1\ncy.contains('Global Feed').click();\ncy.get('app-article-list button').then(heartList => {\n  expect(heartList[0]).to.contain('1');\n  expect(heartList[1]).to.contain('5'); //#39.1\n});\ncy.fixture('articles').then(file => {\n  //#39.1\n  const articleLink = file.articles[1].slug;\n  file.articles[1].favoritesCount = 6; //--> change from 5 to 6\n  // cy.intercept('POST', 'https://conduit-api.bondaracademy.com/api/articles/' + articleLink + '/favorite', file)//#39.1\n  cy.intercept('POST', '**/articles/' + articleLink + '/favorite', file); //#39.2\n});\ncy.get('app-article-list button').eq(1).click().should('contain', '6'); // validation",
              "err": {},
              "uuid": "69f5dfa9-1b1e-49fe-8b9b-a9c0d617fd23",
              "parentUUID": "fb72513c-59b1-4eba-af21-1e82e6c63fc3",
              "isHook": false,
              "skipped": false
            },
            {
              "title": "intercepting & modifying the request & response",
              "fullTitle": "test with backend intercepting & modifying the request & response",
              "timedOut": null,
              "duration": 3582,
              "state": "passed",
              "speed": "fast",
              "pass": true,
              "fail": false,
              "pending": false,
              "context": null,
              "code": "//-->copy from test above w/renaming & changes//lecture #40.1\n//                    //-->put it before an action and verification & save in global variable as alias\n// cy.intercept('POST', '**/articles', (req) => {\n//   req.body.article.description = 'This is a description'\n// }).as('postArticles')                                                           //lecture #40.2\ncy.intercept('POST', '**/articles', req => {\n  req.reply(res => {\n    expect(res.body.article.description).to.equal('This is a description'); // validation\n    res.body.article.description = 'This is a description 2'; // reply & modify request\n  });\n}).as('postArticles'); //lecture #40.3\ncy.contains('New Article').click();\ncy.get('[formcontrolname=\"title\"]').type('This is a title');\ncy.get('[formcontrolname=\"description\"]').type('This is a description');\ncy.get('[formcontrolname=\"body\"]').type('This is a body of the article');\ncy.contains('Publish Article').click();\ncy.wait('@postArticles');\ncy.get('@postArticles').then(xhr => {\n  // console.log(xhr)\n  expect(xhr.response.statusCode).to.equal(201);\n  expect(xhr.request.body.article.body).to.equal('This is a body of the article'); // validation\n  expect(xhr.response.body.article.description).to.equal('This is a description 2'); // validation\n});\ncy.get('.article-actions').contains('Delete Article').click(); // to delete 1st article (I added in #41)",
              "err": {},
              "uuid": "b0e9c31f-f4a4-4e2d-9c14-ced3d776012a",
              "parentUUID": "fb72513c-59b1-4eba-af21-1e82e6c63fc3",
              "isHook": false,
              "skipped": false
            },
            {
              "title": "delete a new article in a global feed",
              "fullTitle": "test with backend delete a new article in a global feed",
              "timedOut": null,
              "duration": 3099,
              "state": "passed",
              "speed": "fast",
              "pass": true,
              "fail": false,
              "pending": false,
              "context": null,
              "code": "// #41\n// const userCredentials = {                                // no need in #42\n//   \"user\": {\n//     \"email\": \"pwtest60@test.com\",\n//     \"password\": \"vd12345\"\n//   }\n// }\nconst bodyRequest = {\n  \"article\": {\n    \"title\": \"Request from API\",\n    \"description\": \"API testing is easy\",\n    \"body\": \"Angular is cool\",\n    \"tagList\": []\n  }\n};\n//                                                                           // 1st request #41.1\n// //cy.request('POST', 'https://conduit-api.bondaracademy.com/api/users/login', userCredentials)\n// //  .its('body').then(body => {\ncy.get('@token').then(token => {\n  // 1st request change in #42\n  //  //const token = body.user.token                      // no need in #42\n  cy.request({\n    // 2nd request #41.1\n    url: 'https://conduit-api.bondaracademy.com/api/articles/',\n    headers: {\n      'Authorization': 'Token ' + token\n    },\n    method: 'POST',\n    body: bodyRequest\n  }).then(response => {\n    expect(response.status).to.equal(201);\n  });\n  cy.contains('Global Feed').click(); // delete article through UI   // #41.2\n  cy.get('.article-preview').first().contains('.preview-link', 'Request from API').click();\n  cy.get('.article-actions').contains('Delete Article').click(); //using 2nd option to delete 2nd article \n  cy.request({\n    // #41.3\n    url: 'https://conduit-api.bondaracademy.com/api/articles?limit=10&offset=0',\n    headers: {\n      'Authorization': 'Token ' + token\n    },\n    method: 'GET'\n  }).its('body').then(body => {\n    // console.log(body)\n    expect(body.articles[0].title).not.to.equal('Request from API');\n  });\n});",
              "err": {},
              "uuid": "489c8e64-5926-4aa7-84b7-c7cac94d0a1e",
              "parentUUID": "fb72513c-59b1-4eba-af21-1e82e6c63fc3",
              "isHook": false,
              "skipped": false
            }
          ],
          "suites": [],
          "passes": [
            "59e0cf08-6bf0-43b8-a3c3-da7ba0202fcb",
            "b3464161-f85a-4fab-94cb-0cfaf5684588",
            "69f5dfa9-1b1e-49fe-8b9b-a9c0d617fd23",
            "b0e9c31f-f4a4-4e2d-9c14-ced3d776012a",
            "489c8e64-5926-4aa7-84b7-c7cac94d0a1e"
          ],
          "failures": [],
          "pending": [],
          "skipped": [],
          "duration": 14314,
          "root": false,
          "rootEmpty": false,
          "_timeout": 2000
        }
      ],
      "passes": [],
      "failures": [],
      "pending": [],
      "skipped": [],
      "duration": 0,
      "root": true,
      "rootEmpty": true,
      "_timeout": 2000
    }
  ],
  "meta": {
    "mocha": {
      "version": "7.0.1"
    },
    "mochawesome": {
      "options": {
        "quiet": false,
        "reportFilename": "mochawesome",
        "saveHtml": false,
        "saveJson": true,
        "consoleReporter": "spec",
        "useInlineDiffs": false,
        "code": true
      },
      "version": "7.1.3"
    },
    "marge": {
      "options": {
        "id": "default",
        "reportDir": "cypress/results/mochawesome",
        "overwrite": false,
        "html": false,
        "json": true
      },
      "version": "6.2.0"
    }
  }
}
