<?xml version="1.0" encoding="UTF-8"?>
<testsuites name="Mocha Tests" time="2.220" tests="1" failures="0">
  <testsuite name="Root Suite" timestamp="2025-06-24T19:37:46" tests="0" file="cypress/integration/secondTest.spec.js" time="0.000" failures="0">
  </testsuite>
  <testsuite name="Test log out" timestamp="2025-06-24T19:37:46" tests="1" time="2.204" failures="0">
    <testcase name="Test log out verify use can log out successfully" time="2.105" classname="verify use can log out successfully">
    </testcase>
  </testsuite>
</testsuites>