<?xml version="1.0" encoding="UTF-8"?>
<testsuites name="Mocha Tests" time="20.435" tests="5" failures="0">
  <testsuite name="Root Suite" timestamp="2025-06-24T19:37:23" tests="0" file="cypress/integration/firstTest.spec.js" time="0.000" failures="0">
  </testsuite>
  <testsuite name="test with backend" timestamp="2025-06-24T19:37:23" tests="5" time="20.422" failures="0">
    <testcase name="test with backend verify correct request and response" time="7.699" classname="verify correct request and response">
    </testcase>
    <testcase name="test with backend verify popular tags are displayed with routing object" time="1.720" classname="verify popular tags are displayed with routing object">
    </testcase>
    <testcase name="test with backend verify global feed likes counts" time="1.938" classname="verify global feed likes counts">
    </testcase>
    <testcase name="test with backend intercepting &amp; modifying the request &amp; response" time="4.312" classname="intercepting &amp; modifying the request &amp; response">
    </testcase>
    <testcase name="test with backend delete a new article in a global feed" time="4.217" classname="delete a new article in a global feed">
    </testcase>
  </testsuite>
</testsuites>