<?xml version="1.0" encoding="UTF-8"?>
<testsuites name="Mocha Tests" time="16.635" tests="5" failures="0">
  <testsuite name="Root Suite" timestamp="2025-05-15T01:55:37" tests="0" file="cypress/integration/firstTest.spec.js" time="0.000" failures="0">
  </testsuite>
  <testsuite name="test with backend" timestamp="2025-05-15T01:55:37" tests="5" time="16.628" failures="0">
    <testcase name="test with backend verify correct request and response" time="5.744" classname="verify correct request and response">
    </testcase>
    <testcase name="test with backend verify popular tags are displayed with routing object" time="1.453" classname="verify popular tags are displayed with routing object">
    </testcase>
    <testcase name="test with backend verify global feed likes counts" time="1.733" classname="verify global feed likes counts">
    </testcase>
    <testcase name="test with backend intercepting &amp; modifying the request &amp; response" time="3.798" classname="intercepting &amp; modifying the request &amp; response">
    </testcase>
    <testcase name="test with backend delete a new article in a global feed" time="3.686" classname="delete a new article in a global feed">
    </testcase>
  </testsuite>
</testsuites>