<?xml version="1.0" encoding="UTF-8"?>
<testsuites name="Mocha Tests" time="1.774" tests="1" failures="0">
  <testsuite name="Root Suite" timestamp="2024-05-20T06:51:44" tests="0" file="cypress/integration/secondTest.spec.js" time="0.000" failures="0">
  </testsuite>
  <testsuite name="Test log out" timestamp="2024-05-20T06:51:44" tests="1" time="1.759" failures="0">
    <testcase name="Test log out verify use can log out successfully" time="1.687" classname="verify use can log out successfully">
    </testcase>
  </testsuite>
</testsuites>