<?xml version="1.0" encoding="UTF-8"?>
<testsuites name="Mocha Tests" time="6.777" tests="4" failures="0">
  <testsuite name="Root Suite" timestamp="2024-05-16T07:02:32" tests="0" file="cypress/integration/firstTest.spec.js" time="0.000" failures="0">
  </testsuite>
  <testsuite name="test with backend" timestamp="2024-05-16T07:02:32" tests="4" time="6.759" failures="0">
    <testcase name="test with backend intercepting &amp; modifying the request &amp; response" time="3.452" classname="intercepting &amp; modifying the request &amp; response">
    </testcase>
    <testcase name="test with backend verify popular tags are displayed with routing object" time="0.569" classname="verify popular tags are displayed with routing object">
    </testcase>
    <testcase name="test with backend verify global feed likes counts" time="0.768" classname="verify global feed likes counts">
    </testcase>
    <testcase name="test with backend delete a new article in a global feed" time="1.852" classname="delete a new article in a global feed">
    </testcase>
  </testsuite>
</testsuites>