<?xml version="1.0" encoding="UTF-8"?>
<testsuites name="Mocha Tests" time="10.578" tests="4" failures="0">
  <testsuite name="Root Suite" timestamp="2024-04-22T06:39:33" tests="0" file="cypress/integration/firstTest.spec.js" time="0.000" failures="0">
  </testsuite>
  <testsuite name="test with backend" timestamp="2024-04-22T06:39:33" tests="4" time="10.561" failures="0">
    <testcase name="test with backend intercepting &amp; modifying the request &amp; response" time="4.381" classname="intercepting &amp; modifying the request &amp; response">
    </testcase>
    <testcase name="test with backend verify popular tags are displayed with routing object" time="1.350" classname="verify popular tags are displayed with routing object">
    </testcase>
    <testcase name="test with backend verify global feed likes counts" time="2.106" classname="verify global feed likes counts">
    </testcase>
    <testcase name="test with backend delete a new article in a global feed" time="2.602" classname="delete a new article in a global feed">
    </testcase>
  </testsuite>
</testsuites>